\BOOKMARK [0][-]{chapter.1}{\376\377\0001\000\040\000\315\000n\000d\000i\000c\000e\000\040\000d\000a\000\040\000h\000i\000e\000r\000a\000r\000q\000u\000i\000a}{}% 1
\BOOKMARK [1][-]{section.1.1}{\376\377\0001\000.\0001\000\040\000H\000i\000e\000r\000a\000r\000q\000u\000i\000a\000\040\000d\000e\000\040\000c\000l\000a\000s\000s\000e\000s}{chapter.1}% 2
\BOOKMARK [0][-]{chapter.2}{\376\377\0002\000\040\000\315\000n\000d\000i\000c\000e\000\040\000d\000o\000s\000\040\000c\000o\000m\000p\000o\000n\000e\000n\000t\000e\000s}{}% 3
\BOOKMARK [1][-]{section.2.1}{\376\377\0002\000.\0001\000\040\000L\000i\000s\000t\000a\000\040\000d\000e\000\040\000c\000o\000m\000p\000o\000n\000e\000n\000t\000e\000s}{chapter.2}% 4
\BOOKMARK [0][-]{chapter.3}{\376\377\0003\000\040\000\315\000n\000d\000i\000c\000e\000\040\000d\000o\000s\000\040\000f\000i\000c\000h\000e\000i\000r\000o\000s}{}% 5
\BOOKMARK [1][-]{section.3.1}{\376\377\0003\000.\0001\000\040\000L\000i\000s\000t\000a\000\040\000d\000e\000\040\000f\000i\000c\000h\000e\000i\000r\000o\000s}{chapter.3}% 6
\BOOKMARK [0][-]{chapter.4}{\376\377\0004\000\040\000D\000o\000c\000u\000m\000e\000n\000t\000a\000\347\000\343\000o\000\040\000d\000a\000\040\000c\000l\000a\000s\000s\000e}{}% 7
\BOOKMARK [1][-]{section.4.1}{\376\377\0004\000.\0001\000\040\000C\000o\000n\000t\000r\000o\000l\000e\000S\000e\000r\000i\000a\000l}{chapter.4}% 8
\BOOKMARK [2][-]{subsection.4.1.1}{\376\377\0004\000.\0001\000.\0001\000\040\000D\000e\000s\000c\000r\000i\000\347\000\343\000o\000\040\000d\000e\000t\000a\000l\000h\000a\000d\000a}{section.4.1}% 9
\BOOKMARK [2][-]{subsection.4.1.2}{\376\377\0004\000.\0001\000.\0002\000\040\000D\000o\000c\000u\000m\000e\000n\000t\000a\000\347\000\343\000o\000\040\000d\000o\000s\000\040\000C\000o\000n\000s\000t\000r\000u\000t\000o\000r\000e\000s\000\040\000\046\000\040\000D\000e\000s\000t\000r\000u\000t\000o\000r}{section.4.1}% 10
\BOOKMARK [3][-]{subsubsection.4.1.2.1}{\376\377\0004\000.\0001\000.\0002\000.\0001\000\040\000C\000o\000n\000t\000r\000o\000l\000e\000S\000e\000r\000i\000a\000l\000\050\000\051}{subsection.4.1.2}% 11
\BOOKMARK [2][-]{subsection.4.1.3}{\376\377\0004\000.\0001\000.\0003\000\040\000D\000o\000c\000u\000m\000e\000n\000t\000a\000\347\000\343\000o\000\040\000d\000o\000s\000\040\000m\000\351\000t\000o\000d\000o\000s}{section.4.1}% 12
\BOOKMARK [3][-]{subsubsection.4.1.3.1}{\376\377\0004\000.\0001\000.\0003\000.\0001\000\040\000i\000n\000i\000c\000i\000a\000r\000\050\000\051}{subsection.4.1.3}% 13
\BOOKMARK [3][-]{subsubsection.4.1.3.2}{\376\377\0004\000.\0001\000.\0003\000.\0002\000\040\000p\000r\000i\000n\000t\000\050\000\051}{subsection.4.1.3}% 14
\BOOKMARK [3][-]{subsubsection.4.1.3.3}{\376\377\0004\000.\0001\000.\0003\000.\0003\000\040\000p\000r\000i\000n\000t\000l\000n\000\050\000\051\000\040\000[\0001\000/\0002\000]}{subsection.4.1.3}% 15
\BOOKMARK [3][-]{subsubsection.4.1.3.4}{\376\377\0004\000.\0001\000.\0003\000.\0004\000\040\000p\000r\000i\000n\000t\000l\000n\000\050\000\051\000\040\000[\0002\000/\0002\000]}{subsection.4.1.3}% 16
\BOOKMARK [3][-]{subsubsection.4.1.3.5}{\376\377\0004\000.\0001\000.\0003\000.\0005\000\040\000s\000e\000t\000S\000e\000r\000i\000a\000l\000\050\000\051}{subsection.4.1.3}% 17
\BOOKMARK [2][-]{subsection.4.1.4}{\376\377\0004\000.\0001\000.\0004\000\040\000D\000o\000c\000u\000m\000e\000n\000t\000a\000\347\000\343\000o\000\040\000d\000o\000s\000\040\000d\000a\000d\000o\000s\000\040\000m\000e\000m\000b\000r\000o}{section.4.1}% 18
\BOOKMARK [3][-]{subsubsection.4.1.4.1}{\376\377\0004\000.\0001\000.\0004\000.\0001\000\040\000s\000e\000r\000i\000a\000l\0002}{subsection.4.1.4}% 19
\BOOKMARK [3][-]{subsubsection.4.1.4.2}{\376\377\0004\000.\0001\000.\0004\000.\0002\000\040\000u\000s\000a\000n\000d\000o}{subsection.4.1.4}% 20
\BOOKMARK [1][-]{section.4.2}{\376\377\0004\000.\0002\000\040\000D\000r\000o\000n\000e}{chapter.4}% 21
\BOOKMARK [2][-]{subsection.4.2.1}{\376\377\0004\000.\0002\000.\0001\000\040\000D\000e\000s\000c\000r\000i\000\347\000\343\000o\000\040\000d\000e\000t\000a\000l\000h\000a\000d\000a}{section.4.2}% 22
\BOOKMARK [2][-]{subsection.4.2.2}{\376\377\0004\000.\0002\000.\0002\000\040\000D\000o\000c\000u\000m\000e\000n\000t\000a\000\347\000\343\000o\000\040\000d\000o\000s\000\040\000C\000o\000n\000s\000t\000r\000u\000t\000o\000r\000e\000s\000\040\000\046\000\040\000D\000e\000s\000t\000r\000u\000t\000o\000r}{section.4.2}% 23
\BOOKMARK [3][-]{subsubsection.4.2.2.1}{\376\377\0004\000.\0002\000.\0002\000.\0001\000\040\000D\000r\000o\000n\000e\000\050\000\051}{subsection.4.2.2}% 24
\BOOKMARK [2][-]{subsection.4.2.3}{\376\377\0004\000.\0002\000.\0003\000\040\000D\000o\000c\000u\000m\000e\000n\000t\000a\000\347\000\343\000o\000\040\000d\000o\000s\000\040\000m\000\351\000t\000o\000d\000o\000s}{section.4.2}% 25
\BOOKMARK [3][-]{subsubsection.4.2.3.1}{\376\377\0004\000.\0002\000.\0003\000.\0001\000\040\000a\000t\000u\000a\000l\000i\000z\000a\000\050\000\051}{subsection.4.2.3}% 26
\BOOKMARK [3][-]{subsubsection.4.2.3.2}{\376\377\0004\000.\0002\000.\0003\000.\0002\000\040\000a\000t\000u\000a\000l\000i\000z\000a\000E\000n\000t\000r\000a\000d\000a\000s\000\050\000\051}{subsection.4.2.3}% 27
\BOOKMARK [3][-]{subsubsection.4.2.3.3}{\376\377\0004\000.\0002\000.\0003\000.\0003\000\040\000a\000t\000u\000a\000l\000i\000z\000a\000M\000o\000t\000o\000r\000\050\000\051}{subsection.4.2.3}% 28
\BOOKMARK [3][-]{subsubsection.4.2.3.4}{\376\377\0004\000.\0002\000.\0003\000.\0004\000\040\000a\000t\000u\000a\000l\000i\000z\000a\000P\000I\000D\000\050\000\051}{subsection.4.2.3}% 29
\BOOKMARK [3][-]{subsubsection.4.2.3.5}{\376\377\0004\000.\0002\000.\0003\000.\0005\000\040\000d\000e\000s\000l\000i\000g\000a\000r\000\050\000\051}{subsection.4.2.3}% 30
\BOOKMARK [3][-]{subsubsection.4.2.3.6}{\376\377\0004\000.\0002\000.\0003\000.\0006\000\040\000i\000r\000P\000a\000r\000a\000\050\000\051}{subsection.4.2.3}% 31
\BOOKMARK [3][-]{subsubsection.4.2.3.7}{\376\377\0004\000.\0002\000.\0003\000.\0007\000\040\000l\000e\000i\000t\000u\000r\000a\000\050\000\051}{subsection.4.2.3}% 32
\BOOKMARK [3][-]{subsubsection.4.2.3.8}{\376\377\0004\000.\0002\000.\0003\000.\0008\000\040\000l\000i\000g\000a\000r\000\050\000\051}{subsection.4.2.3}% 33
\BOOKMARK [3][-]{subsubsection.4.2.3.9}{\376\377\0004\000.\0002\000.\0003\000.\0009\000\040\000p\000o\000u\000s\000a\000r\000\050\000\051}{subsection.4.2.3}% 34
\BOOKMARK [3][-]{subsubsection.4.2.3.10}{\376\377\0004\000.\0002\000.\0003\000.\0001\0000\000\040\000s\000e\000t\000M\000o\000t\000o\000r\000\050\000\051}{subsection.4.2.3}% 35
\BOOKMARK [2][-]{subsection.4.2.4}{\376\377\0004\000.\0002\000.\0004\000\040\000D\000o\000c\000u\000m\000e\000n\000t\000a\000\347\000\343\000o\000\040\000d\000o\000s\000\040\000d\000a\000d\000o\000s\000\040\000m\000e\000m\000b\000r\000o}{section.4.2}% 36
\BOOKMARK [3][-]{subsubsection.4.2.4.1}{\376\377\0004\000.\0002\000.\0004\000.\0001\000\040\000c\000o\000n\000t\000r\000o\000l\000e}{subsection.4.2.4}% 37
\BOOKMARK [3][-]{subsubsection.4.2.4.2}{\376\377\0004\000.\0002\000.\0004\000.\0002\000\040\000i\000n\000e\000r\000c\000i\000a\000l}{subsection.4.2.4}% 38
\BOOKMARK [3][-]{subsubsection.4.2.4.3}{\376\377\0004\000.\0002\000.\0004\000.\0003\000\040\000m\000o\000t\000o\000r}{subsection.4.2.4}% 39
\BOOKMARK [3][-]{subsubsection.4.2.4.4}{\376\377\0004\000.\0002\000.\0004\000.\0004\000\040\000p\000i\000d\000P\000i\000t\000c\000h}{subsection.4.2.4}% 40
\BOOKMARK [3][-]{subsubsection.4.2.4.5}{\376\377\0004\000.\0002\000.\0004\000.\0005\000\040\000r\000e\000g\000i\000s\000t\000r\000o}{subsection.4.2.4}% 41
\BOOKMARK [3][-]{subsubsection.4.2.4.6}{\376\377\0004\000.\0002\000.\0004\000.\0006\000\040\000v\000a\000r\000P\000I\000D\000P\000i\000t\000c\000h}{subsection.4.2.4}% 42
\BOOKMARK [3][-]{subsubsection.4.2.4.7}{\376\377\0004\000.\0002\000.\0004\000.\0007\000\040\000v\000o\000l\000t\000i\000m\000e\000t\000r\000o}{subsection.4.2.4}% 43
\BOOKMARK [1][-]{section.4.3}{\376\377\0004\000.\0003\000\040\000I\000n\000e\000r\000c\000i\000a\000l}{chapter.4}% 44
\BOOKMARK [2][-]{subsection.4.3.1}{\376\377\0004\000.\0003\000.\0001\000\040\000D\000e\000s\000c\000r\000i\000\347\000\343\000o\000\040\000d\000e\000t\000a\000l\000h\000a\000d\000a}{section.4.3}% 45
\BOOKMARK [2][-]{subsection.4.3.2}{\376\377\0004\000.\0003\000.\0002\000\040\000D\000o\000c\000u\000m\000e\000n\000t\000a\000\347\000\343\000o\000\040\000d\000o\000s\000\040\000C\000o\000n\000s\000t\000r\000u\000t\000o\000r\000e\000s\000\040\000\046\000\040\000D\000e\000s\000t\000r\000u\000t\000o\000r}{section.4.3}% 46
\BOOKMARK [3][-]{subsubsection.4.3.2.1}{\376\377\0004\000.\0003\000.\0002\000.\0001\000\040\000I\000n\000e\000r\000c\000i\000a\000l\000\050\000\051}{subsection.4.3.2}% 47
\BOOKMARK [2][-]{subsection.4.3.3}{\376\377\0004\000.\0003\000.\0003\000\040\000D\000o\000c\000u\000m\000e\000n\000t\000a\000\347\000\343\000o\000\040\000d\000o\000s\000\040\000m\000\351\000t\000o\000d\000o\000s}{section.4.3}% 48
\BOOKMARK [3][-]{subsubsection.4.3.3.1}{\376\377\0004\000.\0003\000.\0003\000.\0001\000\040\000g\000e\000t\000P\000i\000t\000c\000h\000\050\000\051}{subsection.4.3.3}% 49
\BOOKMARK [3][-]{subsubsection.4.3.3.2}{\376\377\0004\000.\0003\000.\0003\000.\0002\000\040\000g\000e\000t\000R\000o\000l\000l\000\050\000\051}{subsection.4.3.3}% 50
\BOOKMARK [3][-]{subsubsection.4.3.3.3}{\376\377\0004\000.\0003\000.\0003\000.\0003\000\040\000g\000e\000t\000Y\000a\000w\000\050\000\051}{subsection.4.3.3}% 51
\BOOKMARK [3][-]{subsubsection.4.3.3.4}{\376\377\0004\000.\0003\000.\0003\000.\0004\000\040\000l\000e\000i\000t\000u\000r\000a\000\050\000\051}{subsection.4.3.3}% 52
\BOOKMARK [2][-]{subsection.4.3.4}{\376\377\0004\000.\0003\000.\0004\000\040\000D\000o\000c\000u\000m\000e\000n\000t\000a\000\347\000\343\000o\000\040\000d\000a\000s\000\040\000c\000l\000a\000s\000s\000e\000s\000\040\000a\000m\000i\000g\000a\000s\000\040\000e\000\040\000f\000u\000n\000\347\000\365\000e\000s\000\040\000r\000e\000l\000a\000c\000i\000o\000n\000a\000d\000a\000s}{section.4.3}% 53
\BOOKMARK [3][-]{subsubsection.4.3.4.1}{\376\377\0004\000.\0003\000.\0004\000.\0001\000\040\000R\000e\000g\000i\000s\000t\000r\000o}{subsection.4.3.4}% 54
\BOOKMARK [2][-]{subsection.4.3.5}{\376\377\0004\000.\0003\000.\0005\000\040\000D\000o\000c\000u\000m\000e\000n\000t\000a\000\347\000\343\000o\000\040\000d\000o\000s\000\040\000d\000a\000d\000o\000s\000\040\000m\000e\000m\000b\000r\000o}{section.4.3}% 55
\BOOKMARK [3][-]{subsubsection.4.3.5.1}{\376\377\0004\000.\0003\000.\0005\000.\0001\000\040\000f\000i\000l\000t\000r\000o\000P\000i\000t\000c\000h}{subsection.4.3.5}% 56
\BOOKMARK [3][-]{subsubsection.4.3.5.2}{\376\377\0004\000.\0003\000.\0005\000.\0002\000\040\000f\000i\000l\000t\000r\000o\000R\000o\000l\000l}{subsection.4.3.5}% 57
\BOOKMARK [3][-]{subsubsection.4.3.5.3}{\376\377\0004\000.\0003\000.\0005\000.\0003\000\040\000f\000i\000l\000t\000r\000o\000Y\000a\000w}{subsection.4.3.5}% 58
\BOOKMARK [3][-]{subsubsection.4.3.5.4}{\376\377\0004\000.\0003\000.\0005\000.\0004\000\040\000p\000i\000t\000c\000h}{subsection.4.3.5}% 59
\BOOKMARK [3][-]{subsubsection.4.3.5.5}{\376\377\0004\000.\0003\000.\0005\000.\0005\000\040\000r\000o\000l\000l}{subsection.4.3.5}% 60
\BOOKMARK [3][-]{subsubsection.4.3.5.6}{\376\377\0004\000.\0003\000.\0005\000.\0006\000\040\000y\000a\000w}{subsection.4.3.5}% 61
\BOOKMARK [1][-]{section.4.4}{\376\377\0004\000.\0004\000\040\000M\000o\000t\000o\000r}{chapter.4}% 62
\BOOKMARK [2][-]{subsection.4.4.1}{\376\377\0004\000.\0004\000.\0001\000\040\000D\000e\000s\000c\000r\000i\000\347\000\343\000o\000\040\000d\000e\000t\000a\000l\000h\000a\000d\000a}{section.4.4}% 63
\BOOKMARK [2][-]{subsection.4.4.2}{\376\377\0004\000.\0004\000.\0002\000\040\000D\000o\000c\000u\000m\000e\000n\000t\000a\000\347\000\343\000o\000\040\000d\000o\000s\000\040\000C\000o\000n\000s\000t\000r\000u\000t\000o\000r\000e\000s\000\040\000\046\000\040\000D\000e\000s\000t\000r\000u\000t\000o\000r}{section.4.4}% 64
\BOOKMARK [3][-]{subsubsection.4.4.2.1}{\376\377\0004\000.\0004\000.\0002\000.\0001\000\040\000M\000o\000t\000o\000r\000\050\000\051}{subsection.4.4.2}% 65
\BOOKMARK [2][-]{subsection.4.4.3}{\376\377\0004\000.\0004\000.\0003\000\040\000D\000o\000c\000u\000m\000e\000n\000t\000a\000\347\000\343\000o\000\040\000d\000o\000s\000\040\000m\000\351\000t\000o\000d\000o\000s}{section.4.4}% 66
\BOOKMARK [3][-]{subsubsection.4.4.3.1}{\376\377\0004\000.\0004\000.\0003\000.\0001\000\040\000d\000e\000s\000l\000i\000g\000a\000r\000\050\000\051}{subsection.4.4.3}% 67
\BOOKMARK [3][-]{subsubsection.4.4.3.2}{\376\377\0004\000.\0004\000.\0003\000.\0002\000\040\000g\000i\000r\000a\000r\000\050\000\051\000\040\000[\0001\000/\0002\000]}{subsection.4.4.3}% 68
\BOOKMARK [3][-]{subsubsection.4.4.3.3}{\376\377\0004\000.\0004\000.\0003\000.\0003\000\040\000g\000i\000r\000a\000r\000\050\000\051\000\040\000[\0002\000/\0002\000]}{subsection.4.4.3}% 69
\BOOKMARK [3][-]{subsubsection.4.4.3.4}{\376\377\0004\000.\0004\000.\0003\000.\0004\000\040\000l\000i\000g\000a\000r\000\050\000\051}{subsection.4.4.3}% 70
\BOOKMARK [3][-]{subsubsection.4.4.3.5}{\376\377\0004\000.\0004\000.\0003\000.\0005\000\040\000s\000e\000t\000M\000i\000n\000i\000m\000o\000\050\000\051}{subsection.4.4.3}% 71
\BOOKMARK [2][-]{subsection.4.4.4}{\376\377\0004\000.\0004\000.\0004\000\040\000D\000o\000c\000u\000m\000e\000n\000t\000a\000\347\000\343\000o\000\040\000d\000a\000s\000\040\000c\000l\000a\000s\000s\000e\000s\000\040\000a\000m\000i\000g\000a\000s\000\040\000e\000\040\000f\000u\000n\000\347\000\365\000e\000s\000\040\000r\000e\000l\000a\000c\000i\000o\000n\000a\000d\000a\000s}{section.4.4}% 72
\BOOKMARK [3][-]{subsubsection.4.4.4.1}{\376\377\0004\000.\0004\000.\0004\000.\0001\000\040\000R\000e\000g\000i\000s\000t\000r\000o}{subsection.4.4.4}% 73
\BOOKMARK [2][-]{subsection.4.4.5}{\376\377\0004\000.\0004\000.\0005\000\040\000D\000o\000c\000u\000m\000e\000n\000t\000a\000\347\000\343\000o\000\040\000d\000o\000s\000\040\000d\000a\000d\000o\000s\000\040\000m\000e\000m\000b\000r\000o}{section.4.4}% 74
\BOOKMARK [3][-]{subsubsection.4.4.5.1}{\376\377\0004\000.\0004\000.\0005\000.\0001\000\040\000m\000i\000n\000i\000m\000o}{subsection.4.4.5}% 75
\BOOKMARK [3][-]{subsubsection.4.4.5.2}{\376\377\0004\000.\0004\000.\0005\000.\0002\000\040\000v\000e\000l\000o\000c\000i\000d\000a\000d\000e}{subsection.4.4.5}% 76
\BOOKMARK [1][-]{section.4.5}{\376\377\0004\000.\0005\000\040\000P\000a\000s\000s\000a\000B\000a\000i\000x\000a}{chapter.4}% 77
\BOOKMARK [2][-]{subsection.4.5.1}{\376\377\0004\000.\0005\000.\0001\000\040\000D\000e\000s\000c\000r\000i\000\347\000\343\000o\000\040\000d\000e\000t\000a\000l\000h\000a\000d\000a}{section.4.5}% 78
\BOOKMARK [2][-]{subsection.4.5.2}{\376\377\0004\000.\0005\000.\0002\000\040\000D\000o\000c\000u\000m\000e\000n\000t\000a\000\347\000\343\000o\000\040\000d\000o\000s\000\040\000C\000o\000n\000s\000t\000r\000u\000t\000o\000r\000e\000s\000\040\000\046\000\040\000D\000e\000s\000t\000r\000u\000t\000o\000r}{section.4.5}% 79
\BOOKMARK [3][-]{subsubsection.4.5.2.1}{\376\377\0004\000.\0005\000.\0002\000.\0001\000\040\000P\000a\000s\000s\000a\000B\000a\000i\000x\000a\000\050\000\051}{subsection.4.5.2}% 80
\BOOKMARK [2][-]{subsection.4.5.3}{\376\377\0004\000.\0005\000.\0003\000\040\000D\000o\000c\000u\000m\000e\000n\000t\000a\000\347\000\343\000o\000\040\000d\000o\000s\000\040\000m\000\351\000t\000o\000d\000o\000s}{section.4.5}% 81
\BOOKMARK [3][-]{subsubsection.4.5.3.1}{\376\377\0004\000.\0005\000.\0003\000.\0001\000\040\000c\000a\000l\000c\000u\000l\000a\000C\000o\000n\000s\000t\000a\000n\000t\000e\000\050\000\051}{subsection.4.5.3}% 82
\BOOKMARK [3][-]{subsubsection.4.5.3.2}{\376\377\0004\000.\0005\000.\0003\000.\0002\000\040\000e\000n\000t\000r\000a\000r\000\050\000\051}{subsection.4.5.3}% 83
\BOOKMARK [3][-]{subsubsection.4.5.3.3}{\376\377\0004\000.\0005\000.\0003\000.\0003\000\040\000s\000a\000i\000r\000\050\000\051}{subsection.4.5.3}% 84
\BOOKMARK [3][-]{subsubsection.4.5.3.4}{\376\377\0004\000.\0005\000.\0003\000.\0004\000\040\000s\000e\000t\000A\000m\000o\000s\000t\000r\000a\000g\000e\000m\000\050\000\051}{subsection.4.5.3}% 85
\BOOKMARK [3][-]{subsubsection.4.5.3.5}{\376\377\0004\000.\0005\000.\0003\000.\0005\000\040\000s\000e\000t\000F\000r\000e\000q\000u\000e\000n\000c\000i\000a\000\050\000\051}{subsection.4.5.3}% 86
\BOOKMARK [2][-]{subsection.4.5.4}{\376\377\0004\000.\0005\000.\0004\000\040\000D\000o\000c\000u\000m\000e\000n\000t\000a\000\347\000\343\000o\000\040\000d\000o\000s\000\040\000d\000a\000d\000o\000s\000\040\000m\000e\000m\000b\000r\000o}{section.4.5}% 87
\BOOKMARK [3][-]{subsubsection.4.5.4.1}{\376\377\0004\000.\0005\000.\0004\000.\0001\000\040\000a\000m\000o\000s\000t\000r\000a\000g\000e\000m}{subsection.4.5.4}% 88
\BOOKMARK [3][-]{subsubsection.4.5.4.2}{\376\377\0004\000.\0005\000.\0004\000.\0002\000\040\000c\000o\000n\000s\000t\000a\000n\000t\000e}{subsection.4.5.4}% 89
\BOOKMARK [3][-]{subsubsection.4.5.4.3}{\376\377\0004\000.\0005\000.\0004\000.\0003\000\040\000f\000r\000e\000q\000C\000o\000r\000t\000e}{subsection.4.5.4}% 90
\BOOKMARK [3][-]{subsubsection.4.5.4.4}{\376\377\0004\000.\0005\000.\0004\000.\0004\000\040\000s\000a\000i\000d\000a}{subsection.4.5.4}% 91
\BOOKMARK [3][-]{subsubsection.4.5.4.5}{\376\377\0004\000.\0005\000.\0004\000.\0005\000\040\000s\000a\000i\000d\000a\000A\000n\000t}{subsection.4.5.4}% 92
\BOOKMARK [1][-]{section.4.6}{\376\377\0004\000.\0006\000\040\000R\000e\000g\000i\000s\000t\000r\000o}{chapter.4}% 93
\BOOKMARK [2][-]{subsection.4.6.1}{\376\377\0004\000.\0006\000.\0001\000\040\000D\000e\000s\000c\000r\000i\000\347\000\343\000o\000\040\000d\000e\000t\000a\000l\000h\000a\000d\000a}{section.4.6}% 94
\BOOKMARK [2][-]{subsection.4.6.2}{\376\377\0004\000.\0006\000.\0002\000\040\000D\000o\000c\000u\000m\000e\000n\000t\000a\000\347\000\343\000o\000\040\000d\000o\000s\000\040\000C\000o\000n\000s\000t\000r\000u\000t\000o\000r\000e\000s\000\040\000\046\000\040\000D\000e\000s\000t\000r\000u\000t\000o\000r}{section.4.6}% 95
\BOOKMARK [3][-]{subsubsection.4.6.2.1}{\376\377\0004\000.\0006\000.\0002\000.\0001\000\040\000R\000e\000g\000i\000s\000t\000r\000o\000\050\000\051}{subsection.4.6.2}% 96
\BOOKMARK [2][-]{subsection.4.6.3}{\376\377\0004\000.\0006\000.\0003\000\040\000D\000o\000c\000u\000m\000e\000n\000t\000a\000\347\000\343\000o\000\040\000d\000o\000s\000\040\000m\000\351\000t\000o\000d\000o\000s}{section.4.6}% 97
\BOOKMARK [3][-]{subsubsection.4.6.3.1}{\376\377\0004\000.\0006\000.\0003\000.\0001\000\040\000p\000r\000i\000n\000t\000\050\000\051}{subsection.4.6.3}% 98
\BOOKMARK [3][-]{subsubsection.4.6.3.2}{\376\377\0004\000.\0006\000.\0003\000.\0002\000\040\000p\000r\000i\000n\000t\000A\000n\000g\000u\000l\000o\000\050\000\051}{subsection.4.6.3}% 99
\BOOKMARK [3][-]{subsubsection.4.6.3.3}{\376\377\0004\000.\0006\000.\0003\000.\0003\000\040\000p\000r\000i\000n\000t\000P\000I\000D\000\050\000\051}{subsection.4.6.3}% 100
\BOOKMARK [3][-]{subsubsection.4.6.3.4}{\376\377\0004\000.\0006\000.\0003\000.\0004\000\040\000p\000r\000i\000n\000t\000T\000e\000n\000s\000a\000o\000\050\000\051}{subsection.4.6.3}% 101
\BOOKMARK [3][-]{subsubsection.4.6.3.5}{\376\377\0004\000.\0006\000.\0003\000.\0005\000\040\000p\000r\000i\000n\000t\000V\000e\000l\000o\000c\000i\000d\000a\000d\000e\000\050\000\051}{subsection.4.6.3}% 102
\BOOKMARK [3][-]{subsubsection.4.6.3.6}{\376\377\0004\000.\0006\000.\0003\000.\0006\000\040\000s\000e\000t\000A\000n\000g\000u\000l\000o\000\050\000\051}{subsection.4.6.3}% 103
\BOOKMARK [3][-]{subsubsection.4.6.3.7}{\376\377\0004\000.\0006\000.\0003\000.\0007\000\040\000s\000e\000t\000T\000e\000n\000s\000a\000o\000\050\000\051}{subsection.4.6.3}% 104
\BOOKMARK [3][-]{subsubsection.4.6.3.8}{\376\377\0004\000.\0006\000.\0003\000.\0008\000\040\000s\000e\000t\000V\000e\000l\000o\000c\000i\000d\000a\000d\000e\000\050\000\051}{subsection.4.6.3}% 105
\BOOKMARK [2][-]{subsection.4.6.4}{\376\377\0004\000.\0006\000.\0004\000\040\000D\000o\000c\000u\000m\000e\000n\000t\000a\000\347\000\343\000o\000\040\000d\000o\000s\000\040\000d\000a\000d\000o\000s\000\040\000m\000e\000m\000b\000r\000o}{section.4.6}% 106
\BOOKMARK [3][-]{subsubsection.4.6.4.1}{\376\377\0004\000.\0006\000.\0004\000.\0001\000\040\000c\000o\000n\000t\000r\000o\000l\000e}{subsection.4.6.4}% 107
\BOOKMARK [3][-]{subsubsection.4.6.4.2}{\376\377\0004\000.\0006\000.\0004\000.\0002\000\040\000i\000m\000p\000r\000i\000m\000e\000A\000n\000g\000u\000l\000o}{subsection.4.6.4}% 108
\BOOKMARK [3][-]{subsubsection.4.6.4.3}{\376\377\0004\000.\0006\000.\0004\000.\0003\000\040\000i\000m\000p\000r\000i\000m\000e\000P\000I\000D}{subsection.4.6.4}% 109
\BOOKMARK [3][-]{subsubsection.4.6.4.4}{\376\377\0004\000.\0006\000.\0004\000.\0004\000\040\000i\000m\000p\000r\000i\000m\000e\000V\000e\000l\000o\000c\000i\000d\000a\000d\000e}{subsection.4.6.4}% 110
\BOOKMARK [3][-]{subsubsection.4.6.4.5}{\376\377\0004\000.\0006\000.\0004\000.\0005\000\040\000p\000i\000t\000c\000h}{subsection.4.6.4}% 111
\BOOKMARK [3][-]{subsubsection.4.6.4.6}{\376\377\0004\000.\0006\000.\0004\000.\0006\000\040\000r\000o\000l\000l}{subsection.4.6.4}% 112
\BOOKMARK [3][-]{subsubsection.4.6.4.7}{\376\377\0004\000.\0006\000.\0004\000.\0007\000\040\000t\000e\000n\000s\000a\000o}{subsection.4.6.4}% 113
\BOOKMARK [3][-]{subsubsection.4.6.4.8}{\376\377\0004\000.\0006\000.\0004\000.\0008\000\040\000v\000e\000l\0000}{subsection.4.6.4}% 114
\BOOKMARK [3][-]{subsubsection.4.6.4.9}{\376\377\0004\000.\0006\000.\0004\000.\0009\000\040\000v\000e\000l\0001}{subsection.4.6.4}% 115
\BOOKMARK [3][-]{subsubsection.4.6.4.10}{\376\377\0004\000.\0006\000.\0004\000.\0001\0000\000\040\000v\000e\000l\0002}{subsection.4.6.4}% 116
\BOOKMARK [3][-]{subsubsection.4.6.4.11}{\376\377\0004\000.\0006\000.\0004\000.\0001\0001\000\040\000v\000e\000l\0003}{subsection.4.6.4}% 117
\BOOKMARK [3][-]{subsubsection.4.6.4.12}{\376\377\0004\000.\0006\000.\0004\000.\0001\0002\000\040\000y\000a\000w}{subsection.4.6.4}% 118
\BOOKMARK [1][-]{section.4.7}{\376\377\0004\000.\0007\000\040\000V\000a\000r\000i\000a\000v\000e\000i\000s\000P\000I\000D}{chapter.4}% 119
\BOOKMARK [2][-]{subsection.4.7.1}{\376\377\0004\000.\0007\000.\0001\000\040\000D\000e\000s\000c\000r\000i\000\347\000\343\000o\000\040\000d\000e\000t\000a\000l\000h\000a\000d\000a}{section.4.7}% 120
\BOOKMARK [2][-]{subsection.4.7.2}{\376\377\0004\000.\0007\000.\0002\000\040\000D\000o\000c\000u\000m\000e\000n\000t\000a\000\347\000\343\000o\000\040\000d\000o\000s\000\040\000d\000a\000d\000o\000s\000\040\000m\000e\000m\000b\000r\000o}{section.4.7}% 121
\BOOKMARK [3][-]{subsubsection.4.7.2.1}{\376\377\0004\000.\0007\000.\0002\000.\0001\000\040\000e\000n\000t\000r\000a\000d\000a}{subsection.4.7.2}% 122
\BOOKMARK [3][-]{subsubsection.4.7.2.2}{\376\377\0004\000.\0007\000.\0002\000.\0002\000\040\000k\000d}{subsection.4.7.2}% 123
\BOOKMARK [3][-]{subsubsection.4.7.2.3}{\376\377\0004\000.\0007\000.\0002\000.\0003\000\040\000k\000i}{subsection.4.7.2}% 124
\BOOKMARK [3][-]{subsubsection.4.7.2.4}{\376\377\0004\000.\0007\000.\0002\000.\0004\000\040\000k\000p}{subsection.4.7.2}% 125
\BOOKMARK [3][-]{subsubsection.4.7.2.5}{\376\377\0004\000.\0007\000.\0002\000.\0005\000\040\000s\000a\000i\000d\000a}{subsection.4.7.2}% 126
\BOOKMARK [3][-]{subsubsection.4.7.2.6}{\376\377\0004\000.\0007\000.\0002\000.\0006\000\040\000s\000e\000t\000P\000o\000i\000n\000t}{subsection.4.7.2}% 127
\BOOKMARK [1][-]{section.4.8}{\376\377\0004\000.\0008\000\040\000V\000o\000l\000t\000i\000m\000e\000t\000r\000o}{chapter.4}% 128
\BOOKMARK [2][-]{subsection.4.8.1}{\376\377\0004\000.\0008\000.\0001\000\040\000D\000e\000s\000c\000r\000i\000\347\000\343\000o\000\040\000d\000e\000t\000a\000l\000h\000a\000d\000a}{section.4.8}% 129
\BOOKMARK [2][-]{subsection.4.8.2}{\376\377\0004\000.\0008\000.\0002\000\040\000D\000o\000c\000u\000m\000e\000n\000t\000a\000\347\000\343\000o\000\040\000d\000o\000s\000\040\000C\000o\000n\000s\000t\000r\000u\000t\000o\000r\000e\000s\000\040\000\046\000\040\000D\000e\000s\000t\000r\000u\000t\000o\000r}{section.4.8}% 130
\BOOKMARK [3][-]{subsubsection.4.8.2.1}{\376\377\0004\000.\0008\000.\0002\000.\0001\000\040\000V\000o\000l\000t\000i\000m\000e\000t\000r\000o\000\050\000\051}{subsection.4.8.2}% 131
\BOOKMARK [2][-]{subsection.4.8.3}{\376\377\0004\000.\0008\000.\0003\000\040\000D\000o\000c\000u\000m\000e\000n\000t\000a\000\347\000\343\000o\000\040\000d\000o\000s\000\040\000m\000\351\000t\000o\000d\000o\000s}{section.4.8}% 132
\BOOKMARK [3][-]{subsubsection.4.8.3.1}{\376\377\0004\000.\0008\000.\0003\000.\0001\000\040\000l\000e\000i\000t\000u\000r\000a\000\050\000\051}{subsection.4.8.3}% 133
\BOOKMARK [3][-]{subsubsection.4.8.3.2}{\376\377\0004\000.\0008\000.\0003\000.\0002\000\040\000s\000e\000t\000P\000o\000r\000t\000a\000\050\000\051}{subsection.4.8.3}% 134
\BOOKMARK [2][-]{subsection.4.8.4}{\376\377\0004\000.\0008\000.\0004\000\040\000D\000o\000c\000u\000m\000e\000n\000t\000a\000\347\000\343\000o\000\040\000d\000a\000s\000\040\000c\000l\000a\000s\000s\000e\000s\000\040\000a\000m\000i\000g\000a\000s\000\040\000e\000\040\000f\000u\000n\000\347\000\365\000e\000s\000\040\000r\000e\000l\000a\000c\000i\000o\000n\000a\000d\000a\000s}{section.4.8}% 135
\BOOKMARK [3][-]{subsubsection.4.8.4.1}{\376\377\0004\000.\0008\000.\0004\000.\0001\000\040\000R\000e\000g\000i\000s\000t\000r\000o}{subsection.4.8.4}% 136
\BOOKMARK [2][-]{subsection.4.8.5}{\376\377\0004\000.\0008\000.\0005\000\040\000D\000o\000c\000u\000m\000e\000n\000t\000a\000\347\000\343\000o\000\040\000d\000o\000s\000\040\000d\000a\000d\000o\000s\000\040\000m\000e\000m\000b\000r\000o}{section.4.8}% 137
\BOOKMARK [3][-]{subsubsection.4.8.5.1}{\376\377\0004\000.\0008\000.\0005\000.\0001\000\040\000p\000o\000r\000t\000a}{subsection.4.8.5}% 138
\BOOKMARK [3][-]{subsubsection.4.8.5.2}{\376\377\0004\000.\0008\000.\0005\000.\0002\000\040\000t\000e\000n\000s\000a\000o}{subsection.4.8.5}% 139
\BOOKMARK [0][-]{chapter.5}{\376\377\0005\000\040\000D\000o\000c\000u\000m\000e\000n\000t\000a\000\347\000\343\000o\000\040\000d\000o\000\040\000f\000i\000c\000h\000e\000i\000r\000o}{}% 140
\BOOKMARK [1][-]{section.5.1}{\376\377\0005\000.\0001\000\040\000R\000e\000f\000e\000r\000\352\000n\000c\000i\000a\000\040\000a\000o\000\040\000f\000i\000c\000h\000e\000i\000r\000o\000\040\0001\000C\000l\000a\000s\000s\000e\000.\000i\000n\000o}{chapter.5}% 141
\BOOKMARK [1][-]{section.5.2}{\376\377\0005\000.\0002\000\040\000R\000e\000f\000e\000r\000\352\000n\000c\000i\000a\000\040\000a\000o\000\040\000f\000i\000c\000h\000e\000i\000r\000o\000\040\0002\000V\000a\000r\000i\000a\000v\000e\000i\000s\000.\000i\000n\000o}{chapter.5}% 142
\BOOKMARK [1][-]{section.5.3}{\376\377\0005\000.\0003\000\040\000R\000e\000f\000e\000r\000\352\000n\000c\000i\000a\000\040\000a\000o\000\040\000f\000i\000c\000h\000e\000i\000r\000o\000\040\0003\000F\000u\000n\000c\000o\000e\000s\000.\000i\000n\000o}{chapter.5}% 143
\BOOKMARK [1][-]{section.5.4}{\376\377\0005\000.\0004\000\040\000R\000e\000f\000e\000r\000\352\000n\000c\000i\000a\000\040\000a\000o\000\040\000f\000i\000c\000h\000e\000i\000r\000o\000\040\0004\000S\000e\000t\000u\000p\000L\000o\000o\000p\000.\000i\000n\000o}{chapter.5}% 144
\BOOKMARK [2][-]{subsection.5.4.1}{\376\377\0005\000.\0004\000.\0001\000\040\000D\000o\000c\000u\000m\000e\000n\000t\000a\000\347\000\343\000o\000\040\000d\000a\000s\000\040\000f\000u\000n\000\347\000\365\000e\000s}{section.5.4}% 145
\BOOKMARK [3][-]{subsubsection.5.4.1.1}{\376\377\0005\000.\0004\000.\0001\000.\0001\000\040\000l\000o\000o\000p\000\050\000\051}{subsection.5.4.1}% 146
\BOOKMARK [3][-]{subsubsection.5.4.1.2}{\376\377\0005\000.\0004\000.\0001\000.\0002\000\040\000s\000e\000t\000u\000p\000\050\000\051}{subsection.5.4.1}% 147
\BOOKMARK [1][-]{section.5.5}{\376\377\0005\000.\0005\000\040\000R\000e\000f\000e\000r\000\352\000n\000c\000i\000a\000\040\000a\000o\000\040\000f\000i\000c\000h\000e\000i\000r\000o\000\040\000N\000o\000v\000o\000D\000r\000o\000n\000e\000.\000i\000n\000o}{chapter.5}% 148
\BOOKMARK [2][-]{subsection.5.5.1}{\376\377\0005\000.\0005\000.\0001\000\040\000D\000o\000c\000u\000m\000e\000n\000t\000a\000\347\000\343\000o\000\040\000d\000a\000s\000\040\000m\000a\000c\000r\000o\000s}{section.5.5}% 149
\BOOKMARK [3][-]{subsubsection.5.5.1.1}{\376\377\0005\000.\0005\000.\0001\000.\0001\000\040\000i\000m\000p\000r\000i\000m\000e\000S\000e\000n\000s\000o\000r}{subsection.5.5.1}% 150
\BOOKMARK [3][-]{subsubsection.5.5.1.2}{\376\377\0005\000.\0005\000.\0001\000.\0002\000\040\000K\000D\000p\000i\000t\000c\000h}{subsection.5.5.1}% 151
\BOOKMARK [3][-]{subsubsection.5.5.1.3}{\376\377\0005\000.\0005\000.\0001\000.\0003\000\040\000K\000I\000p\000i\000t\000c\000h}{subsection.5.5.1}% 152
\BOOKMARK [3][-]{subsubsection.5.5.1.4}{\376\377\0005\000.\0005\000.\0001\000.\0004\000\040\000K\000P\000p\000i\000t\000c\000h}{subsection.5.5.1}% 153
\BOOKMARK [3][-]{subsubsection.5.5.1.5}{\376\377\0005\000.\0005\000.\0001\000.\0005\000\040\000L\000I\000G\000A}{subsection.5.5.1}% 154
\BOOKMARK [3][-]{subsubsection.5.5.1.6}{\376\377\0005\000.\0005\000.\0001\000.\0006\000\040\000o\000u\000t\000p\000u\000t\000L\000I\000M\000I\000T}{subsection.5.5.1}% 155
\BOOKMARK [3][-]{subsubsection.5.5.1.7}{\376\377\0005\000.\0005\000.\0001\000.\0007\000\040\000Q\000U\000A\000N\000T\000\137\000M\000O\000T\000O\000R}{subsection.5.5.1}% 156
\BOOKMARK [3][-]{subsubsection.5.5.1.8}{\376\377\0005\000.\0005\000.\0001\000.\0008\000\040\000R\000O\000D\000A}{subsection.5.5.1}% 157
\BOOKMARK [3][-]{subsubsection.5.5.1.9}{\376\377\0005\000.\0005\000.\0001\000.\0009\000\040\000s\000e\000r\000i\000a\000l}{subsection.5.5.1}% 158
\BOOKMARK [3][-]{subsubsection.5.5.1.10}{\376\377\0005\000.\0005\000.\0001\000.\0001\0000\000\040\000V\000O\000O}{subsection.5.5.1}% 159
\BOOKMARK [0][-]{section*.27}{\376\377\000\315\000n\000d\000i\000c\000e}{}% 160
